<?xml version="1.0" encoding="UTF-8"?>
<!-- Generated by org.testng.reporters.JUnitReportReporter -->
<testsuite skipped="0" hostname="Rashmi-Laptop" name="com.clarion.qa.test.PromiseTest" tests="3" failures="0" timestamp="2020-09-10T23:14:24 IST" time="3.675" errors="0">
  <testcase name="verifyAddPromise" time="2.189" classname="com.clarion.qa.test.PromiseTest"/>
  <system-out/>
  <testcase name="verifySucessfullAdditionOfPromise" time="1.109" classname="com.clarion.qa.test.PromiseTest"/>
  <system-out/>
  <testcase name="verifySucessfulLogout" time="0.377" classname="com.clarion.qa.test.PromiseTest"/>
  <system-out/>
</testsuite> <!-- com.clarion.qa.test.PromiseTest -->
