<?xml version="1.0" encoding="UTF-8"?>
<!-- Generated by org.testng.reporters.JUnitReportReporter -->
<testsuite skipped="0" hostname="Rashmi-Laptop" name="com.clarion.qa.test.LoginTest" tests="2" failures="0" timestamp="2020-09-10T23:14:24 IST" time="1.846" errors="0">
  <testcase name="verifyLoginValidationMessages" time="0.585" classname="com.clarion.qa.test.LoginTest"/>
  <system-out/>
  <testcase name="verifySucessfulLogin" time="1.261" classname="com.clarion.qa.test.LoginTest"/>
  <system-out/>
</testsuite> <!-- com.clarion.qa.test.LoginTest -->
